[2020-07-15 15:09:36,634][MainThread:28756][task_id:user][user_auth.py:44][INFO][用户hua0注册成功！]
[2020-07-15 15:28:41,204][MainThread:24388][task_id:user][user_auth.py:45][INFO][用户hua02注册成功！]
[2020-07-15 15:28:50,417][MainThread:24388][task_id:user][user_auth.py:58][INFO][用户hua02登录成功！]
[2020-07-15 15:28:56,117][MainThread:24388][task_id:user][user_auth.py:80][INFO][2020-07-15 15:28:56.113060- 用户hua02提现￥100成功,实际到账95.0]
[2020-07-15 15:29:03,282][MainThread:24388][task_id:user][user_auth.py:106][INFO][用户hua02转账给用户hua0,￥100成功]
[2020-07-15 15:58:13,234][MainThread:24388][task_id:user][user_auth.py:116][INFO][还款成功,余额为￥1500]
[2020-07-15 17:08:39,078][MainThread:26660][task_id:user][user_auth.py:58][INFO][用户admin登录成功！]
[2020-07-15 17:10:19,197][MainThread:27016][task_id:user][user_auth.py:58][INFO][用户admin登录成功！]
[2020-07-15 17:10:40,357][MainThread:14420][task_id:user][user_auth.py:58][INFO][用户admin登录成功！]
[2020-07-15 17:11:12,599][MainThread:24420][task_id:user][user_auth.py:58][INFO][用户admin登录成功！]
[2020-07-15 17:12:08,103][MainThread:22288][task_id:user][user_auth.py:58][INFO][用户admin登录成功！]
[2020-07-15 17:13:49,489][MainThread:22288][task_id:user][user_auth.py:45][INFO][用户a01注册成功！]
[2020-07-15 17:14:59,325][MainThread:22288][task_id:user][user_auth.py:45][INFO][用户tchua注册成功！]
[2020-07-15 17:44:12,961][MainThread:13772][task_id:user][user_auth.py:45][INFO][用户hua111注册成功！]
[2020-07-15 17:45:37,750][MainThread:16704][task_id:user][user_auth.py:62][ERROR][用户hua111登录密码成功！]
[2020-07-15 17:46:05,672][MainThread:28452][task_id:user][user_auth.py:62][ERROR][用户hua111密码错误！]
[2020-07-15 17:46:39,254][MainThread:28452][task_id:user][user_auth.py:58][INFO][用户hua111登录成功！]
[2020-07-15 17:46:51,444][MainThread:28452][task_id:user][user_auth.py:82][INFO][2020-07-15 17:46:51.444309- 用户hua111提现￥500成功,实际到账475.0]
[2020-07-15 17:47:58,244][MainThread:26464][task_id:user][user_auth.py:58][INFO][用户hua111登录成功！]
[2020-07-15 17:48:01,821][MainThread:26464][task_id:user][user_auth.py:82][INFO][用户hua111提现￥100成功,实际到账95.0]
[2020-07-15 17:48:22,614][MainThread:26464][task_id:user][user_auth.py:108][INFO][用户hua111转账给用户admin,￥100成功]
[2020-07-15 17:48:30,943][MainThread:26464][task_id:user][user_auth.py:118][INFO][还款成功,余额为￥1000]
